<?xml version="1.0" encoding="UTF-8"?>
<testng-results ignored="0" total="1" passed="1" failed="0" skipped="0">
  <reporter-output>
  </reporter-output>
  <suite started-at="2022-01-25T16:06:07 IST" name="Default suite" finished-at="2022-01-25T16:06:10 IST" duration-ms="2979">
    <groups>
    </groups>
    <test started-at="2022-01-25T16:06:07 IST" name="Default test" finished-at="2022-01-25T16:06:10 IST" duration-ms="2979">
      <class name="com.test.LoginTest">
        <test-method signature="Login()[pri:0, instance:com.test.LoginTest@378542de]" started-at="2022-01-25T16:06:07 IST" name="Login" finished-at="2022-01-25T16:06:10 IST" duration-ms="2928" status="PASS">
          <reporter-output>
          </reporter-output>
        </test-method> <!-- Login -->
      </class> <!-- com.test.LoginTest -->
    </test> <!-- Default test -->
  </suite> <!-- Default suite -->
</testng-results>
